h:\工程代码\二次调度源代码\第二版\ft-matrixla\x64\debug\vc143.pdb
h:\工程代码\二次调度源代码\第二版\ft-matrixla\x64\debug\vc143.idb
h:\工程代码\二次调度源代码\第二版\ft-matrixla\x64\debug\utils.obj
h:\工程代码\二次调度源代码\第二版\ft-matrixla\x64\debug\software_pipeline.obj
h:\工程代码\二次调度源代码\第二版\ft-matrixla\x64\debug\register_assignment.obj
h:\工程代码\二次调度源代码\第二版\ft-matrixla\x64\debug\reference.obj
h:\工程代码\二次调度源代码\第二版\ft-matrixla\x64\debug\main.obj
h:\工程代码\二次调度源代码\第二版\ft-matrixla\x64\debug\loop_unrolling.obj
h:\工程代码\二次调度源代码\第二版\ft-matrixla\x64\debug\ins_scheduling.obj
h:\工程代码\二次调度源代码\第二版\ft-matrixla\x64\debug\ins_rescheduling.obj
h:\工程代码\二次调度源代码\第二版\ft-matrixla\x64\debug\data_structure.obj
h:\工程代码\二次调度源代码\第二版\ft-matrixla\x64\debug\build_dependency.obj
h:\工程代码\二次调度源代码\第二版\ft-matrixla\x64\debug\analyser.obj
h:\工程代码\二次调度源代码\第二版\ft-matrixla\x64\debug\aliveness_analysis.obj
h:\工程代码\二次调度源代码\第二版\ft-matrixla\x64\debug\ft-matrixla.res
h:\工程代码\二次调度源代码\第二版\x64\debug\ft-matrixla.exe
h:\工程代码\二次调度源代码\第二版\ft-matrixla\x64\debug\ft-matrixla.ilk
h:\工程代码\二次调度源代码\第二版\x64\debug\ft-matrixla.pdb
f:\工程代码\二次调度源代码\第二版\ft-matrixla\x64\debug\utils.obj
f:\工程代码\二次调度源代码\第二版\ft-matrixla\x64\debug\software_pipeline.obj
f:\工程代码\二次调度源代码\第二版\ft-matrixla\x64\debug\register_assignment.obj
f:\工程代码\二次调度源代码\第二版\ft-matrixla\x64\debug\reference.obj
f:\工程代码\二次调度源代码\第二版\ft-matrixla\x64\debug\main.obj
f:\工程代码\二次调度源代码\第二版\ft-matrixla\x64\debug\loop_unrolling.obj
f:\工程代码\二次调度源代码\第二版\ft-matrixla\x64\debug\data_structure.obj
f:\工程代码\二次调度源代码\第二版\ft-matrixla\x64\debug\build_dependency.obj
f:\工程代码\二次调度源代码\第二版\ft-matrixla\x64\debug\analyser.obj
f:\工程代码\二次调度源代码\第二版\ft-matrixla\x64\debug\aliveness_analysis.obj
f:\工程代码\二次调度源代码\第二版\ft-matrixla\x64\debug\ins_scheduling.obj
f:\工程代码\二次调度源代码\第二版\ft-matrixla\x64\debug\ins_rescheduling.obj
f:\工程代码\二次调度源代码\第二版\ft-matrixla\x64\debug\ins_rescheduling.obj.enc
f:\工程代码\二次调度源代码\第二版\ft-matrixla\x64\debug\ft-matrixla.ilk
f:\工程代码\二次调度源代码\第二版\ft-matrixla\x64\debug\ft-matrixla.res
f:\工程代码\二次调度源代码\第二版\ft-matrixla\x64\debug\vc143.idb
f:\工程代码\二次调度源代码\第二版\ft-matrixla\x64\debug\vc143.pdb
f:\工程代码\二次调度源代码\第二版\x64\debug\ft-matrixla.pdb
f:\工程代码\二次调度源代码\第二版\x64\debug\ft-matrixla.exe
f:\工程代码\二次调度源代码\第二版\ft-matrixla\x64\debug\ft-matrixla.tlog\cl.read.1.tlog
f:\工程代码\二次调度源代码\第二版\ft-matrixla\x64\debug\ft-matrixla.tlog\cl.write.1.tlog
f:\工程代码\二次调度源代码\第二版\ft-matrixla\x64\debug\ft-matrixla.tlog\cl.command.1.tlog
f:\工程代码\二次调度源代码\第二版\ft-matrixla\x64\debug\ft-matrixla.tlog\rc.read.1.tlog
f:\工程代码\二次调度源代码\第二版\ft-matrixla\x64\debug\ft-matrixla.tlog\rc.write.1.tlog
f:\工程代码\二次调度源代码\第二版\ft-matrixla\x64\debug\ft-matrixla.tlog\rc.command.1.tlog
f:\工程代码\二次调度源代码\第二版\ft-matrixla\x64\debug\ft-matrixla.tlog\link.read.2.tlog
f:\工程代码\二次调度源代码\第二版\ft-matrixla\x64\debug\ft-matrixla.tlog\link.write.1.tlog
f:\工程代码\二次调度源代码\第二版\ft-matrixla\x64\debug\ft-matrixla.tlog\link.command.1.tlog
