  aliveness_analysis.cpp
D:\学习文件\工程代码\LA Compiler\LA-5.13-动态规划\FT-MatrixLA\aliveness_analysis.cpp(15,20): warning C4018: “<”: 有符号/无符号不匹配
D:\学习文件\工程代码\LA Compiler\LA-5.13-动态规划\FT-MatrixLA\aliveness_analysis.cpp(95,17): warning C4018: “<”: 有符号/无符号不匹配
D:\学习文件\工程代码\LA Compiler\LA-5.13-动态规划\FT-MatrixLA\aliveness_analysis.cpp(144,35): warning C4018: “<”: 有符号/无符号不匹配
D:\学习文件\工程代码\LA Compiler\LA-5.13-动态规划\FT-MatrixLA\aliveness_analysis.cpp(161,31): warning C4018: “<”: 有符号/无符号不匹配
D:\学习文件\工程代码\LA Compiler\LA-5.13-动态规划\FT-MatrixLA\aliveness_analysis.cpp(193,12): warning C4018: “<”: 有符号/无符号不匹配
D:\学习文件\工程代码\LA Compiler\LA-5.13-动态规划\FT-MatrixLA\aliveness_analysis.cpp(194,12): warning C4018: “<”: 有符号/无符号不匹配
D:\学习文件\工程代码\LA Compiler\LA-5.13-动态规划\FT-MatrixLA\aliveness_analysis.cpp(196,12): warning C4018: “<”: 有符号/无符号不匹配
D:\学习文件\工程代码\LA Compiler\LA-5.13-动态规划\FT-MatrixLA\aliveness_analysis.cpp(197,9): warning C4018: “<”: 有符号/无符号不匹配
D:\学习文件\工程代码\LA Compiler\LA-5.13-动态规划\FT-MatrixLA\aliveness_analysis.cpp(208,11): warning C4018: “<”: 有符号/无符号不匹配
D:\学习文件\工程代码\LA Compiler\LA-5.13-动态规划\FT-MatrixLA\aliveness_analysis.cpp(210,8): warning C4018: “<”: 有符号/无符号不匹配
D:\学习文件\工程代码\LA Compiler\LA-5.13-动态规划\FT-MatrixLA\aliveness_analysis.cpp(213,12): warning C4018: “<”: 有符号/无符号不匹配
D:\学习文件\工程代码\LA Compiler\LA-5.13-动态规划\FT-MatrixLA\aliveness_analysis.cpp(224,16): warning C4018: “<”: 有符号/无符号不匹配
D:\学习文件\工程代码\LA Compiler\LA-5.13-动态规划\FT-MatrixLA\aliveness_analysis.cpp(229,35): warning C4018: “<”: 有符号/无符号不匹配
D:\学习文件\工程代码\LA Compiler\LA-5.13-动态规划\FT-MatrixLA\aliveness_analysis.cpp(235,85): warning C4018: “<”: 有符号/无符号不匹配
D:\学习文件\工程代码\LA Compiler\LA-5.13-动态规划\FT-MatrixLA\aliveness_analysis.cpp(240,37): warning C4018: “<”: 有符号/无符号不匹配
D:\学习文件\工程代码\LA Compiler\LA-5.13-动态规划\FT-MatrixLA\aliveness_analysis.cpp(252,23): warning C4018: “<”: 有符号/无符号不匹配
D:\学习文件\工程代码\LA Compiler\LA-5.13-动态规划\FT-MatrixLA\aliveness_analysis.cpp(255,20): warning C4018: “<”: 有符号/无符号不匹配
D:\学习文件\工程代码\LA Compiler\LA-5.13-动态规划\FT-MatrixLA\aliveness_analysis.cpp(272,33): warning C4018: “<”: 有符号/无符号不匹配
D:\学习文件\工程代码\LA Compiler\LA-5.13-动态规划\FT-MatrixLA\aliveness_analysis.cpp(274,95): warning C4018: “>”: 有符号/无符号不匹配
D:\学习文件\工程代码\LA Compiler\LA-5.13-动态规划\FT-MatrixLA\aliveness_analysis.cpp(277,95): warning C4018: “>”: 有符号/无符号不匹配
D:\学习文件\工程代码\LA Compiler\LA-5.13-动态规划\FT-MatrixLA\aliveness_analysis.cpp(221,12): warning C4101: “jj”: 未引用的局部变量
D:\学习文件\工程代码\LA Compiler\LA-5.13-动态规划\FT-MatrixLA\aliveness_analysis.cpp(287,32): warning C4018: “<”: 有符号/无符号不匹配
D:\学习文件\工程代码\LA Compiler\LA-5.13-动态规划\FT-MatrixLA\aliveness_analysis.cpp(316,32): warning C4018: “<”: 有符号/无符号不匹配
D:\学习文件\工程代码\LA Compiler\LA-5.13-动态规划\FT-MatrixLA\aliveness_analysis.cpp(322,25): warning C4018: “<”: 有符号/无符号不匹配
D:\学习文件\工程代码\LA Compiler\LA-5.13-动态规划\FT-MatrixLA\aliveness_analysis.cpp(332,19): warning C4018: “<”: 有符号/无符号不匹配
D:\学习文件\工程代码\LA Compiler\LA-5.13-动态规划\FT-MatrixLA\aliveness_analysis.cpp(344,32): warning C4018: “<”: 有符号/无符号不匹配
D:\学习文件\工程代码\LA Compiler\LA-5.13-动态规划\FT-MatrixLA\aliveness_analysis.cpp(365,32): warning C4018: “<”: 有符号/无符号不匹配
D:\学习文件\工程代码\LA Compiler\LA-5.13-动态规划\FT-MatrixLA\aliveness_analysis.cpp(374,23): warning C4018: “<”: 有符号/无符号不匹配
  analyser.cpp
D:\学习文件\工程代码\LA Compiler\LA-5.13-动态规划\FT-MatrixLA\analyser.cpp(103,35): warning C4018: “<”: 有符号/无符号不匹配
D:\学习文件\工程代码\LA Compiler\LA-5.13-动态规划\FT-MatrixLA\analyser.cpp(246,13): warning C4018: “<”: 有符号/无符号不匹配
D:\学习文件\工程代码\LA Compiler\LA-5.13-动态规划\FT-MatrixLA\analyser.cpp(912,20): warning C4018: “<”: 有符号/无符号不匹配
D:\学习文件\工程代码\LA Compiler\LA-5.13-动态规划\FT-MatrixLA\analyser.cpp(1116,17): warning C4129: “[”: 不可识别的字符转义序列
D:\学习文件\工程代码\LA Compiler\LA-5.13-动态规划\FT-MatrixLA\analyser.cpp(1117,17): warning C4129: “[”: 不可识别的字符转义序列
D:\学习文件\工程代码\LA Compiler\LA-5.13-动态规划\FT-MatrixLA\analyser.cpp(1117,17): warning C4129: “(”: 不可识别的字符转义序列
D:\学习文件\工程代码\LA Compiler\LA-5.13-动态规划\FT-MatrixLA\analyser.cpp(1150,19): warning C4018: “<”: 有符号/无符号不匹配
D:\学习文件\工程代码\LA Compiler\LA-5.13-动态规划\FT-MatrixLA\analyser.cpp(1211,19): warning C4018: “<”: 有符号/无符号不匹配
D:\学习文件\工程代码\LA Compiler\LA-5.13-动态规划\FT-MatrixLA\analyser.cpp(1265,19): warning C4018: “<”: 有符号/无符号不匹配
D:\学习文件\工程代码\LA Compiler\LA-5.13-动态规划\FT-MatrixLA\analyser.cpp(1309,19): warning C4018: “<”: 有符号/无符号不匹配
D:\学习文件\工程代码\LA Compiler\LA-5.13-动态规划\FT-MatrixLA\analyser.cpp(1357,22): warning C4018: “<”: 有符号/无符号不匹配
D:\学习文件\工程代码\LA Compiler\LA-5.13-动态规划\FT-MatrixLA\analyser.cpp(1416,22): warning C4018: “<”: 有符号/无符号不匹配
D:\学习文件\工程代码\LA Compiler\LA-5.13-动态规划\FT-MatrixLA\analyser.cpp(1504,11): warning C4018: “<”: 有符号/无符号不匹配
D:\学习文件\工程代码\LA Compiler\LA-5.13-动态规划\FT-MatrixLA\analyser.cpp(1526,13): warning C4018: “<”: 有符号/无符号不匹配
D:\学习文件\工程代码\LA Compiler\LA-5.13-动态规划\FT-MatrixLA\analyser.cpp(1567,13): warning C4018: “<”: 有符号/无符号不匹配
D:\学习文件\工程代码\LA Compiler\LA-5.13-动态规划\FT-MatrixLA\analyser.cpp(1585,13): warning C4018: “<”: 有符号/无符号不匹配
D:\学习文件\工程代码\LA Compiler\LA-5.13-动态规划\FT-MatrixLA\analyser.cpp(1598,13): warning C4018: “<”: 有符号/无符号不匹配
D:\学习文件\工程代码\LA Compiler\LA-5.13-动态规划\FT-MatrixLA\analyser.cpp(1611,13): warning C4018: “<”: 有符号/无符号不匹配
D:\学习文件\工程代码\LA Compiler\LA-5.13-动态规划\FT-MatrixLA\analyser.cpp(1626,13): warning C4018: “<”: 有符号/无符号不匹配
D:\学习文件\工程代码\LA Compiler\LA-5.13-动态规划\FT-MatrixLA\analyser.cpp(1631,17): warning C4018: “<”: 有符号/无符号不匹配
D:\学习文件\工程代码\LA Compiler\LA-5.13-动态规划\FT-MatrixLA\analyser.cpp(1644,13): warning C4018: “<”: 有符号/无符号不匹配
D:\学习文件\工程代码\LA Compiler\LA-5.13-动态规划\FT-MatrixLA\analyser.cpp(1780,44): warning C4018: “<”: 有符号/无符号不匹配
  build_dependency.cpp
D:\学习文件\工程代码\LA Compiler\LA-5.13-动态规划\FT-MatrixLA\build_dependency.cpp(43,99): warning C4018: “<”: 有符号/无符号不匹配
D:\学习文件\工程代码\LA Compiler\LA-5.13-动态规划\FT-MatrixLA\build_dependency.cpp(46,8): warning C4018: “<”: 有符号/无符号不匹配
D:\学习文件\工程代码\LA Compiler\LA-5.13-动态规划\FT-MatrixLA\build_dependency.cpp(50,34): warning C4018: “<”: 有符号/无符号不匹配
D:\学习文件\工程代码\LA Compiler\LA-5.13-动态规划\FT-MatrixLA\build_dependency.cpp(188,23): warning C4018: “<”: 有符号/无符号不匹配
D:\学习文件\工程代码\LA Compiler\LA-5.13-动态规划\FT-MatrixLA\build_dependency.cpp(238,32): warning C4244: “=”: 从“__int64”转换到“int”，可能丢失数据
D:\学习文件\工程代码\LA Compiler\LA-5.13-动态规划\FT-MatrixLA\build_dependency.cpp(290,32): warning C4244: “=”: 从“__int64”转换到“int”，可能丢失数据
D:\学习文件\工程代码\LA Compiler\LA-5.13-动态规划\FT-MatrixLA\build_dependency.cpp(291,15): warning C4244: “=”: 从“__int64”转换到“int”，可能丢失数据
D:\学习文件\工程代码\LA Compiler\LA-5.13-动态规划\FT-MatrixLA\build_dependency.cpp(379,18): warning C4018: “<”: 有符号/无符号不匹配
D:\学习文件\工程代码\LA Compiler\LA-5.13-动态规划\FT-MatrixLA\build_dependency.cpp(222,9): warning C4101: “ii”: 未引用的局部变量
  data_structure.cpp
D:\学习文件\工程代码\LA Compiler\LA-5.13-动态规划\FT-MatrixLA\data_structure.cpp(23,11): warning C4018: “<”: 有符号/无符号不匹配
  ins_rescheduling.cpp
D:\学习文件\工程代码\LA Compiler\LA-5.13-动态规划\FT-MatrixLA\ins_rescheduling.cpp(52,36): warning C4018: “<”: 有符号/无符号不匹配
D:\学习文件\工程代码\LA Compiler\LA-5.13-动态规划\FT-MatrixLA\ins_rescheduling.cpp(58,30): warning C4018: “<”: 有符号/无符号不匹配
D:\学习文件\工程代码\LA Compiler\LA-5.13-动态规划\FT-MatrixLA\ins_rescheduling.cpp(61,29): warning C4018: “<”: 有符号/无符号不匹配
D:\学习文件\工程代码\LA Compiler\LA-5.13-动态规划\FT-MatrixLA\ins_rescheduling.cpp(83,22): warning C4018: “<”: 有符号/无符号不匹配
D:\学习文件\工程代码\LA Compiler\LA-5.13-动态规划\FT-MatrixLA\ins_rescheduling.cpp(106,23): warning C4018: “<”: 有符号/无符号不匹配
  ins_scheduling.cpp
D:\学习文件\工程代码\LA Compiler\LA-5.13-动态规划\FT-MatrixLA\ins_scheduling.cpp(118,20): warning C4018: “<”: 有符号/无符号不匹配
D:\学习文件\工程代码\LA Compiler\LA-5.13-动态规划\FT-MatrixLA\ins_scheduling.cpp(232,20): warning C4018: “<”: 有符号/无符号不匹配
D:\学习文件\工程代码\LA Compiler\LA-5.13-动态规划\FT-MatrixLA\ins_scheduling.cpp(273,20): warning C4018: “<”: 有符号/无符号不匹配
D:\学习文件\工程代码\LA Compiler\LA-5.13-动态规划\FT-MatrixLA\ins_scheduling.cpp(348,37): warning C4018: “<”: 有符号/无符号不匹配
D:\学习文件\工程代码\LA Compiler\LA-5.13-动态规划\FT-MatrixLA\ins_scheduling.cpp(379,22): warning C4018: “<”: 有符号/无符号不匹配
D:\学习文件\工程代码\LA Compiler\LA-5.13-动态规划\FT-MatrixLA\ins_scheduling.cpp(389,21): warning C4018: “<”: 有符号/无符号不匹配
D:\学习文件\工程代码\LA Compiler\LA-5.13-动态规划\FT-MatrixLA\ins_scheduling.cpp(264,15): warning C4101: “x”: 未引用的局部变量
D:\学习文件\工程代码\LA Compiler\LA-5.13-动态规划\FT-MatrixLA\ins_scheduling.cpp(435,23): warning C4018: “<”: 有符号/无符号不匹配
D:\学习文件\工程代码\LA Compiler\LA-5.13-动态规划\FT-MatrixLA\ins_scheduling.cpp(500,22): warning C4018: “<”: 有符号/无符号不匹配
  loop_unrolling.cpp
D:\学习文件\工程代码\LA Compiler\LA-5.13-动态规划\FT-MatrixLA\loop_unrolling.cpp(103,21): warning C4018: “<”: 有符号/无符号不匹配
D:\学习文件\工程代码\LA Compiler\LA-5.13-动态规划\FT-MatrixLA\loop_unrolling.cpp(109,21): warning C4018: “<”: 有符号/无符号不匹配
D:\学习文件\工程代码\LA Compiler\LA-5.13-动态规划\FT-MatrixLA\loop_unrolling.cpp(136,21): warning C4018: “<”: 有符号/无符号不匹配
D:\学习文件\工程代码\LA Compiler\LA-5.13-动态规划\FT-MatrixLA\loop_unrolling.cpp(221,16): warning C4018: “<=”: 有符号/无符号不匹配
D:\学习文件\工程代码\LA Compiler\LA-5.13-动态规划\FT-MatrixLA\loop_unrolling.cpp(832,20): warning C4018: “<”: 有符号/无符号不匹配
  main.cpp
D:\学习文件\工程代码\LA Compiler\LA-5.13-动态规划\FT-MatrixLA\main.cpp(119,20): warning C4018: “<”: 有符号/无符号不匹配
D:\学习文件\工程代码\LA Compiler\LA-5.13-动态规划\FT-MatrixLA\main.cpp(123,21): warning C4018: “<”: 有符号/无符号不匹配
D:\学习文件\工程代码\LA Compiler\LA-5.13-动态规划\FT-MatrixLA\main.cpp(125,22): warning C4018: “<”: 有符号/无符号不匹配
  reference.cpp
  register_assignment.cpp
D:\学习文件\工程代码\LA Compiler\LA-5.13-动态规划\FT-MatrixLA\register_assignment.cpp(165,3): warning C4474: printf: 格式字符串中传递的参数太多
D:\学习文件\工程代码\LA Compiler\LA-5.13-动态规划\FT-MatrixLA\register_assignment.cpp(165,3): message : 占位符和其参数预计 3 可变参数，但提供的却是 4 参数
D:\学习文件\工程代码\LA Compiler\LA-5.13-动态规划\FT-MatrixLA\register_assignment.cpp(202,26): warning C4018: “<”: 有符号/无符号不匹配
D:\学习文件\工程代码\LA Compiler\LA-5.13-动态规划\FT-MatrixLA\register_assignment.cpp(253,21): warning C4018: “<”: 有符号/无符号不匹配
D:\学习文件\工程代码\LA Compiler\LA-5.13-动态规划\FT-MatrixLA\register_assignment.cpp(258,22): warning C4018: “<”: 有符号/无符号不匹配
D:\学习文件\工程代码\LA Compiler\LA-5.13-动态规划\FT-MatrixLA\register_assignment.cpp(284,22): warning C4018: “<”: 有符号/无符号不匹配
D:\学习文件\工程代码\LA Compiler\LA-5.13-动态规划\FT-MatrixLA\register_assignment.cpp(297,21): warning C4018: “<”: 有符号/无符号不匹配
D:\学习文件\工程代码\LA Compiler\LA-5.13-动态规划\FT-MatrixLA\register_assignment.cpp(417,51): warning C4018: “<”: 有符号/无符号不匹配
D:\学习文件\工程代码\LA Compiler\LA-5.13-动态规划\FT-MatrixLA\register_assignment.cpp(518,20): warning C4018: “<”: 有符号/无符号不匹配
D:\学习文件\工程代码\LA Compiler\LA-5.13-动态规划\FT-MatrixLA\register_assignment.cpp(546,16): warning C4018: “<”: 有符号/无符号不匹配
D:\学习文件\工程代码\LA Compiler\LA-5.13-动态规划\FT-MatrixLA\register_assignment.cpp(582,17): warning C4018: “<”: 有符号/无符号不匹配
D:\学习文件\工程代码\LA Compiler\LA-5.13-动态规划\FT-MatrixLA\register_assignment.cpp(587,18): warning C4018: “<”: 有符号/无符号不匹配
D:\学习文件\工程代码\LA Compiler\LA-5.13-动态规划\FT-MatrixLA\register_assignment.cpp(595,19): warning C4018: “<”: 有符号/无符号不匹配
D:\学习文件\工程代码\LA Compiler\LA-5.13-动态规划\FT-MatrixLA\register_assignment.cpp(796,20): warning C4018: “<”: 有符号/无符号不匹配
D:\学习文件\工程代码\LA Compiler\LA-5.13-动态规划\FT-MatrixLA\register_assignment.cpp(1455,20): warning C4018: “<”: 有符号/无符号不匹配
D:\学习文件\工程代码\LA Compiler\LA-5.13-动态规划\FT-MatrixLA\register_assignment.cpp(1463,20): warning C4018: “<”: 有符号/无符号不匹配
D:\学习文件\工程代码\LA Compiler\LA-5.13-动态规划\FT-MatrixLA\register_assignment.cpp(1622,32): warning C4018: “<”: 有符号/无符号不匹配
D:\学习文件\工程代码\LA Compiler\LA-5.13-动态规划\FT-MatrixLA\register_assignment.cpp(1624,17): warning C4018: “<”: 有符号/无符号不匹配
D:\学习文件\工程代码\LA Compiler\LA-5.13-动态规划\FT-MatrixLA\register_assignment.cpp(1643,18): warning C4018: “<”: 有符号/无符号不匹配
D:\学习文件\工程代码\LA Compiler\LA-5.13-动态规划\FT-MatrixLA\register_assignment.cpp(1951,21): warning C4018: “<”: 有符号/无符号不匹配
D:\学习文件\工程代码\LA Compiler\LA-5.13-动态规划\FT-MatrixLA\register_assignment.cpp(2197,20): warning C4101: “fix_address”: 未引用的局部变量
D:\学习文件\工程代码\LA Compiler\LA-5.13-动态规划\FT-MatrixLA\register_assignment.cpp(2388,21): warning C4018: “<”: 有符号/无符号不匹配
D:\学习文件\工程代码\LA Compiler\LA-5.13-动态规划\FT-MatrixLA\register_assignment.cpp(2486,32): warning C4018: “<”: 有符号/无符号不匹配
  software_pipeline.cpp
D:\学习文件\工程代码\LA Compiler\LA-5.13-动态规划\FT-MatrixLA\software_pipeline.cpp(60,12): warning C4018: “<”: 有符号/无符号不匹配
D:\学习文件\工程代码\LA Compiler\LA-5.13-动态规划\FT-MatrixLA\software_pipeline.cpp(138,20): warning C4018: “<”: 有符号/无符号不匹配
D:\学习文件\工程代码\LA Compiler\LA-5.13-动态规划\FT-MatrixLA\software_pipeline.cpp(177,22): warning C4018: “<”: 有符号/无符号不匹配
D:\学习文件\工程代码\LA Compiler\LA-5.13-动态规划\FT-MatrixLA\software_pipeline.cpp(392,21): warning C4018: “<”: 有符号/无符号不匹配
D:\学习文件\工程代码\LA Compiler\LA-5.13-动态规划\FT-MatrixLA\software_pipeline.cpp(516,15): warning C4101: “x”: 未引用的局部变量
D:\学习文件\工程代码\LA Compiler\LA-5.13-动态规划\FT-MatrixLA\software_pipeline.cpp(598,20): warning C4018: “<”: 有符号/无符号不匹配
D:\学习文件\工程代码\LA Compiler\LA-5.13-动态规划\FT-MatrixLA\software_pipeline.cpp(636,22): warning C4244: “初始化”: 从“float”转换到“int”，可能丢失数据
D:\学习文件\工程代码\LA Compiler\LA-5.13-动态规划\FT-MatrixLA\software_pipeline.cpp(696,23): warning C4018: “<”: 有符号/无符号不匹配
D:\学习文件\工程代码\LA Compiler\LA-5.13-动态规划\FT-MatrixLA\software_pipeline.cpp(707,29): warning C4244: “初始化”: 从“__int64”转换到“int”，可能丢失数据
D:\学习文件\工程代码\LA Compiler\LA-5.13-动态规划\FT-MatrixLA\software_pipeline.cpp(710,22): warning C4018: “<”: 有符号/无符号不匹配
D:\学习文件\工程代码\LA Compiler\LA-5.13-动态规划\FT-MatrixLA\software_pipeline.cpp(714,27): warning C4018: “>=”: 有符号/无符号不匹配
D:\学习文件\工程代码\LA Compiler\LA-5.13-动态规划\FT-MatrixLA\software_pipeline.cpp(719,19): warning C4244: “=”: 从“__int64”转换到“int”，可能丢失数据
D:\学习文件\工程代码\LA Compiler\LA-5.13-动态规划\FT-MatrixLA\software_pipeline.cpp(725,27): warning C4018: “>=”: 有符号/无符号不匹配
D:\学习文件\工程代码\LA Compiler\LA-5.13-动态规划\FT-MatrixLA\software_pipeline.cpp(730,19): warning C4244: “=”: 从“__int64”转换到“int”，可能丢失数据
D:\学习文件\工程代码\LA Compiler\LA-5.13-动态规划\FT-MatrixLA\software_pipeline.cpp(736,27): warning C4018: “>=”: 有符号/无符号不匹配
D:\学习文件\工程代码\LA Compiler\LA-5.13-动态规划\FT-MatrixLA\software_pipeline.cpp(741,19): warning C4244: “=”: 从“__int64”转换到“int”，可能丢失数据
D:\学习文件\工程代码\LA Compiler\LA-5.13-动态规划\FT-MatrixLA\software_pipeline.cpp(747,27): warning C4018: “>=”: 有符号/无符号不匹配
D:\学习文件\工程代码\LA Compiler\LA-5.13-动态规划\FT-MatrixLA\software_pipeline.cpp(752,19): warning C4244: “=”: 从“__int64”转换到“int”，可能丢失数据
D:\学习文件\工程代码\LA Compiler\LA-5.13-动态规划\FT-MatrixLA\software_pipeline.cpp(708,8): warning C4101: “leaf_offset”: 未引用的局部变量
D:\学习文件\工程代码\LA Compiler\LA-5.13-动态规划\FT-MatrixLA\software_pipeline.cpp(888,21): warning C4018: “<”: 有符号/无符号不匹配
D:\学习文件\工程代码\LA Compiler\LA-5.13-动态规划\FT-MatrixLA\software_pipeline.cpp(1020,20): warning C4018: “<”: 有符号/无符号不匹配
D:\学习文件\工程代码\LA Compiler\LA-5.13-动态规划\FT-MatrixLA\software_pipeline.cpp(1068,20): warning C4018: “<”: 有符号/无符号不匹配
D:\学习文件\工程代码\LA Compiler\LA-5.13-动态规划\FT-MatrixLA\software_pipeline.cpp(1093,21): warning C4018: “<”: 有符号/无符号不匹配
D:\学习文件\工程代码\LA Compiler\LA-5.13-动态规划\FT-MatrixLA\software_pipeline.cpp(1156,12): warning C4018: “<”: 有符号/无符号不匹配
D:\学习文件\工程代码\LA Compiler\LA-5.13-动态规划\FT-MatrixLA\software_pipeline.cpp(1160,12): warning C4018: “<”: 有符号/无符号不匹配
D:\学习文件\工程代码\LA Compiler\LA-5.13-动态规划\FT-MatrixLA\software_pipeline.cpp(1161,12): warning C4018: “<”: 有符号/无符号不匹配
D:\学习文件\工程代码\LA Compiler\LA-5.13-动态规划\FT-MatrixLA\software_pipeline.cpp(1179,9): warning C4018: “<”: 有符号/无符号不匹配
D:\学习文件\工程代码\LA Compiler\LA-5.13-动态规划\FT-MatrixLA\software_pipeline.cpp(1195,11): warning C4018: “<”: 有符号/无符号不匹配
D:\学习文件\工程代码\LA Compiler\LA-5.13-动态规划\FT-MatrixLA\software_pipeline.cpp(1208,8): warning C4018: “<”: 有符号/无符号不匹配
D:\学习文件\工程代码\LA Compiler\LA-5.13-动态规划\FT-MatrixLA\software_pipeline.cpp(1211,12): warning C4018: “<”: 有符号/无符号不匹配
D:\学习文件\工程代码\LA Compiler\LA-5.13-动态规划\FT-MatrixLA\software_pipeline.cpp(1388,33): warning C4018: “<”: 有符号/无符号不匹配
D:\学习文件\工程代码\LA Compiler\LA-5.13-动态规划\FT-MatrixLA\software_pipeline.cpp(1539,33): warning C4018: “<”: 有符号/无符号不匹配
  utils.cpp
D:\学习文件\工程代码\LA Compiler\LA-5.13-动态规划\FT-MatrixLA\utils.cpp(18,12): warning C4018: “<”: 有符号/无符号不匹配
D:\学习文件\工程代码\LA Compiler\LA-5.13-动态规划\FT-MatrixLA\utils.cpp(23,31): warning C4018: “<”: 有符号/无符号不匹配
D:\学习文件\工程代码\LA Compiler\LA-5.13-动态规划\FT-MatrixLA\utils.cpp(37,34): warning C4018: “<”: 有符号/无符号不匹配
D:\学习文件\工程代码\LA Compiler\LA-5.13-动态规划\FT-MatrixLA\utils.cpp(41,16): warning C4018: “<”: 有符号/无符号不匹配
D:\学习文件\工程代码\LA Compiler\LA-5.13-动态规划\FT-MatrixLA\utils.cpp(43,33): warning C4018: “<”: 有符号/无符号不匹配
D:\学习文件\工程代码\LA Compiler\LA-5.13-动态规划\FT-MatrixLA\utils.cpp(44,30): warning C4018: “<”: 有符号/无符号不匹配
D:\学习文件\工程代码\LA Compiler\LA-5.13-动态规划\FT-MatrixLA\utils.cpp(54,49): warning C4018: “<”: 有符号/无符号不匹配
D:\学习文件\工程代码\LA Compiler\LA-5.13-动态规划\FT-MatrixLA\utils.cpp(55,52): warning C4018: “<”: 有符号/无符号不匹配
D:\学习文件\工程代码\LA Compiler\LA-5.13-动态规划\FT-MatrixLA\utils.cpp(58,17): warning C4018: “<”: 有符号/无符号不匹配
D:\学习文件\工程代码\LA Compiler\LA-5.13-动态规划\FT-MatrixLA\utils.cpp(60,50): warning C4018: “<”: 有符号/无符号不匹配
D:\学习文件\工程代码\LA Compiler\LA-5.13-动态规划\FT-MatrixLA\utils.cpp(62,31): warning C4018: “<”: 有符号/无符号不匹配
D:\学习文件\工程代码\LA Compiler\LA-5.13-动态规划\FT-MatrixLA\utils.cpp(129,20): warning C4018: “<”: 有符号/无符号不匹配
D:\学习文件\工程代码\LA Compiler\LA-5.13-动态规划\FT-MatrixLA\utils.cpp(138,21): warning C4018: “<”: 有符号/无符号不匹配
D:\学习文件\工程代码\LA Compiler\LA-5.13-动态规划\FT-MatrixLA\utils.cpp(193,21): warning C4018: “<”: 有符号/无符号不匹配
D:\学习文件\工程代码\LA Compiler\LA-5.13-动态规划\FT-MatrixLA\utils.cpp(207,13): warning C4018: “<”: 有符号/无符号不匹配
D:\学习文件\工程代码\LA Compiler\LA-5.13-动态规划\FT-MatrixLA\utils.cpp(237,24): warning C4018: “<”: 有符号/无符号不匹配
D:\学习文件\工程代码\LA Compiler\LA-5.13-动态规划\FT-MatrixLA\utils.cpp(243,25): warning C4018: “<”: 有符号/无符号不匹配
D:\学习文件\工程代码\LA Compiler\LA-5.13-动态规划\FT-MatrixLA\utils.cpp(342,22): warning C4018: “<”: 有符号/无符号不匹配
D:\学习文件\工程代码\LA Compiler\LA-5.13-动态规划\FT-MatrixLA\utils.cpp(349,21): warning C4018: “<”: 有符号/无符号不匹配
  正在生成代码...
D:\学习文件\工程代码\LA Compiler\LA-5.13-动态规划\FT-MatrixLA\software_pipeline.cpp(1577): error C4703: 使用了可能未初始化的本地指针变量“gtr”
D:\学习文件\工程代码\LA Compiler\LA-5.13-动态规划\FT-MatrixLA\software_pipeline.cpp(1487): error C4703: 使用了可能未初始化的本地指针变量“gtr_t”
